# JRE version: OpenJDK Runtime Environment (11.0.8+10) (build 11.0.8+10-b944.6842174)
# Java VM: OpenJDK 64-Bit Server VM (11.0.8+10-b944.6842174, mixed mode, tiered, compressed oops, g1 gc, windows-amd64)
Heap:
 garbage-first heap   total 581632K, used 135603K [0x0000000080000000, 0x0000000100000000)
  region size 1024K, 3 young (3072K), 3 survivors (3072K)
 Metaspace       used 123068K, capacity 126174K, committed 126412K, reserved 1159168K
  class space    used 14753K, capacity 15836K, committed 15872K, reserved 1048576K
GC Heap History (20 events):
Event: 9736.994 GC heap after
{Heap after GC invocations=128 (full 0):
 garbage-first heap   total 420864K, used 168256K [0x0000000080000000, 0x0000000100000000)
  region size 1024K, 13 young (13312K), 13 survivors (13312K)
 Metaspace       used 122612K, capacity 125668K, committed 125900K, reserved 1159168K
  class space    used 14746K, capacity 15824K, committed 15872K, reserved 1048576K
}
Event: 9737.013 GC heap before
{Heap before GC invocations=128 (full 0):
 garbage-first heap   total 420864K, used 174400K [0x0000000080000000, 0x0000000100000000)
  region size 1024K, 20 young (20480K), 13 survivors (13312K)
 Metaspace       used 122612K, capacity 125668K, committed 125900K, reserved 1159168K
  class space    used 14746K, capacity 15824K, committed 15872K, reserved 1048576K
}
Event: 9737.104 GC heap after
{Heap after GC invocations=129 (full 0):
 garbage-first heap   total 420864K, used 164864K [0x0000000080000000, 0x0000000100000000)
  region size 1024K, 3 young (3072K), 3 survivors (3072K)
 Metaspace       used 122612K, capacity 125668K, committed 125900K, reserved 1159168K
  class space    used 14746K, capacity 15824K, committed 15872K, reserved 1048576K
}
Event: 9738.174 GC heap before
{Heap before GC invocations=129 (full 0):
 garbage-first heap   total 420864K, used 189440K [0x0000000080000000, 0x0000000100000000)
  region size 1024K, 20 young (20480K), 3 survivors (3072K)
 Metaspace       used 122625K, capacity 125735K, committed 125900K, reserved 1159168K
  class space    used 14747K, capacity 15825K, committed 15872K, reserved 1048576K
}
Event: 9738.201 GC heap after
{Heap after GC invocations=130 (full 0):
 garbage-first heap   total 420864K, used 174080K [0x0000000080000000, 0x0000000100000000)
  region size 1024K, 3 young (3072K), 3 survivors (3072K)
 Metaspace       used 122625K, capacity 125735K, committed 125900K, reserved 1159168K
  class space    used 14747K, capacity 15825K, committed 15872K, reserved 1048576K
}
Event: 9739.546 GC heap before
{Heap before GC invocations=130 (full 0):
 garbage-first heap   total 420864K, used 251904K [0x0000000080000000, 0x0000000100000000)
  region size 1024K, 81 young (82944K), 3 survivors (3072K)
 Metaspace       used 122660K, capacity 125737K, committed 125900K, reserved 1159168K
  class space    used 14747K, capacity 15825K, committed 15872K, reserved 1048576K
}
Event: 9739.563 GC heap after
{Heap after GC invocations=131 (full 0):
 garbage-first heap   total 420864K, used 171155K [0x0000000080000000, 0x0000000100000000)
  region size 1024K, 7 young (7168K), 7 survivors (7168K)
 Metaspace       used 122660K, capacity 125737K, committed 125900K, reserved 1159168K
  class space    used 14747K, capacity 15825K, committed 15872K, reserved 1048576K
}
Event: 9740.126 GC heap before
{Heap before GC invocations=131 (full 0):
 garbage-first heap   total 420864K, used 170131K [0x0000000080000000, 0x0000000100000000)
  region size 1024K, 20 young (20480K), 7 survivors (7168K)
 Metaspace       used 122669K, capacity 125737K, committed 125900K, reserved 1159168K
  class space    used 14747K, capacity 15825K, committed 15872K, reserved 1048576K
}
Event: 9740.144 GC heap after
{Heap after GC invocations=132 (full 0):
 garbage-first heap   total 420864K, used 157696K [0x0000000080000000, 0x0000000100000000)
  region size 1024K, 3 young (3072K), 3 survivors (3072K)
 Metaspace       used 122669K, capacity 125737K, committed 125900K, reserved 1159168K
  class space    used 14747K, capacity 15825K, committed 15872K, reserved 1048576K
}
Event: 9740.409 GC heap before
{Heap before GC invocations=133 (full 0):
 garbage-first heap   total 420864K, used 175104K [0x0000000080000000, 0x0000000100000000)
  region size 1024K, 20 young (20480K), 3 survivors (3072K)
 Metaspace       used 122778K, capacity 125934K, committed 126156K, reserved 1159168K
  class space    used 14747K, capacity 15825K, committed 15872K, reserved 1048576K
}
Event: 9740.428 GC heap after
{Heap after GC invocations=134 (full 0):
 garbage-first heap   total 420864K, used 161593K [0x0000000080000000, 0x0000000100000000)
  region size 1024K, 3 young (3072K), 3 survivors (3072K)
 Metaspace       used 122778K, capacity 125934K, committed 126156K, reserved 1159168K
  class space    used 14747K, capacity 15825K, committed 15872K, reserved 1048576K
}
Event: 9740.716 GC heap before
{Heap before GC invocations=134 (full 0):
 garbage-first heap   total 420864K, used 182073K [0x0000000080000000, 0x0000000100000000)
  region size 1024K, 20 young (20480K), 3 survivors (3072K)
 Metaspace       used 122880K, capacity 125977K, committed 126156K, reserved 1159168K
  class space    used 14753K, capacity 15837K, committed 15872K, reserved 1048576K
}
Event: 9740.742 GC heap after
{Heap after GC invocations=135 (full 0):
 garbage-first heap   total 420864K, used 156905K [0x0000000080000000, 0x0000000100000000)
  region size 1024K, 3 young (3072K), 3 survivors (3072K)
 Metaspace       used 122880K, capacity 125977K, committed 126156K, reserved 1159168K
  class space    used 14753K, capacity 15837K, committed 15872K, reserved 1048576K
}
Event: 9740.804 GC heap before
{Heap before GC invocations=135 (full 0):
 garbage-first heap   total 420864K, used 173289K [0x0000000080000000, 0x0000000100000000)
  region size 1024K, 20 young (20480K), 3 survivors (3072K)
 Metaspace       used 122888K, capacity 125981K, committed 126156K, reserved 1159168K
  class space    used 14753K, capacity 15837K, committed 15872K, reserved 1048576K
}
Event: 9740.841 GC heap after
{Heap after GC invocations=136 (full 0):
 garbage-first heap   total 420864K, used 154169K [0x0000000080000000, 0x0000000100000000)
  region size 1024K, 3 young (3072K), 3 survivors (3072K)
 Metaspace       used 122888K, capacity 125981K, committed 126156K, reserved 1159168K
  class space    used 14753K, capacity 15837K, committed 15872K, reserved 1048576K
}
Event: 9740.930 GC heap before
{Heap before GC invocations=136 (full 0):
 garbage-first heap   total 420864K, used 170553K [0x0000000080000000, 0x0000000100000000)
  region size 1024K, 20 young (20480K), 3 survivors (3072K)
 Metaspace       used 122904K, capacity 125983K, committed 126156K, reserved 1159168K
  class space    used 14753K, capacity 15837K, committed 15872K, reserved 1048576K
}
Event: 9740.999 GC heap after
{Heap after GC invocations=137 (full 0):
 garbage-first heap   total 420864K, used 154220K [0x0000000080000000, 0x0000000100000000)
  region size 1024K, 3 young (3072K), 3 survivors (3072K)
 Metaspace       used 122904K, capacity 125983K, committed 126156K, reserved 1159168K
  class space    used 14753K, capacity 15837K, committed 15872K, reserved 1048576K
}
Event: 9741.244 GC heap before
{Heap before GC invocations=137 (full 0):
 garbage-first heap   total 420864K, used 181868K [0x0000000080000000, 0x0000000100000000)
  region size 1024K, 31 young (31744K), 3 survivors (3072K)
 Metaspace       used 123022K, capacity 126114K, committed 126156K, reserved 1159168K
  class space    used 14753K, capacity 15837K, committed 15872K, reserved 1048576K
}
Event: 9741.265 GC heap after
{Heap after GC invocations=138 (full 0):
 garbage-first heap   total 420864K, used 159512K [0x0000000080000000, 0x0000000100000000)
  region size 1024K, 4 young (4096K), 4 survivors (4096K)
 Metaspace       used 123022K, capacity 126114K, committed 126156K, reserved 1159168K
  class space    used 14753K, capacity 15837K, committed 15872K, reserved 1048576K
}
Event: 9741.967 GC heap before
{Heap before GC invocations=139 (full 0):
 garbage-first heap   total 420864K, used 168728K [0x0000000080000000, 0x0000000100000000)
  region size 1024K, 36 young (36864K), 4 survivors (4096K)
 Metaspace       used 123068K, capacity 126174K, committed 126412K, reserved 1159168K
  class space    used 14753K, capacity 15836K, committed 15872K, reserved 1048576K
}

